<?xml version="1.0" encoding="UTF-8"?>
<Site BuildName="(empty)"
	BuildStamp="20220303-2311-Experimental"
	Name="(empty)"
	Generator="ctest-3.19.8"
	CompilerName=""
	CompilerVersion=""
	OSName="Windows"
	Hostname="TONY-DELL"
	OSRelease=" Professional"
	OSVersion=" (Build 22000)"
	OSPlatform="AMD64"
	Is64Bits="1"
	VendorString="GenuineIntel"
	VendorID="Intel Corporation"
	FamilyID="6"
	ModelID="14"
	ProcessorCacheSize="-1"
	NumberOfLogicalCPU="12"
	NumberOfPhysicalCPU="6"
	TotalVirtualMemory="29000"
	TotalPhysicalMemory="16200"
	LogicalProcessorsPerPhysical="2"
	ProcessorClockFrequency="2592"
	>
	<Testing>
		<StartDateTime>Mar 04 00:11 ?[NON-UTF-8-BYTE-0xA1][NON-UTF-8-BYTE-0xC2]?[NON-UTF-8-BYTE-0xA1][NON-UTF-8-BYTE-0xA4][NON-UTF-8-BYTE-0xA1][NON-UTF-8-BYTE-0xC0][NON-UTF-8-BYTE-0xA8][NON-UTF-8-BYTE-0xBA][NON-UTF-8-BYTE-0xA1][NON-UTF-8-BYTE-0xC1]?[NON-UTF-8-BYTE-0xA8][NON-UTF-8-BYTE-0xBA][NON-UTF-8-BYTE-0xA1][NON-UTF-8-BYTE-0xC0]??</StartDateTime>
		<StartTestTime>1646349112</StartTestTime>
		<TestList>
			<Test>./src/test-a0/test-a0</Test>
		</TestList>
		<Test Status="passed">
			<Name>test-a0</Name>
			<Path>./src/test-a0</Path>
			<FullName>./src/test-a0/test-a0</FullName>
			<FullCommandLine>C:\Users\zhuof\OneDrive\ETHz\22FS\CMM_8\Assignments\a0-TonyStone191031\build\src\test-a0\test-a0.exe</FullCommandLine>
			<Results>
				<NamedMeasurement type="numeric/double" name="Execution Time">
					<Value>0.0208462</Value>
				</NamedMeasurement>
				<NamedMeasurement type="numeric/double" name="Processors">
					<Value>1</Value>
				</NamedMeasurement>
				<NamedMeasurement type="text/string" name="Completion Status">
					<Value>Completed</Value>
				</NamedMeasurement>
				<NamedMeasurement type="text/string" name="Command Line">
					<Value>C:\Users\zhuof\OneDrive\ETHz\22FS\CMM_8\Assignments\a0-TonyStone191031\build\src\test-a0\test-a0.exe</Value>
				</NamedMeasurement>
				<NamedMeasurement type="text/string" name="Environment">
					<Value>#CTEST_RESOURCE_GROUP_COUNT=</Value>
				</NamedMeasurement>
				<Measurement>
					<Value>full name : "Zhuofan Shi"
student id: "21-947-049"
nethz name: "zhushi"
</Value>
				</Measurement>
			</Results>
		</Test>
		<EndDateTime>Mar 04 00:11 ?[NON-UTF-8-BYTE-0xA1][NON-UTF-8-BYTE-0xC2]?[NON-UTF-8-BYTE-0xA1][NON-UTF-8-BYTE-0xA4][NON-UTF-8-BYTE-0xA1][NON-UTF-8-BYTE-0xC0][NON-UTF-8-BYTE-0xA8][NON-UTF-8-BYTE-0xBA][NON-UTF-8-BYTE-0xA1][NON-UTF-8-BYTE-0xC1]?[NON-UTF-8-BYTE-0xA8][NON-UTF-8-BYTE-0xBA][NON-UTF-8-BYTE-0xA1][NON-UTF-8-BYTE-0xC0]??</EndDateTime>
		<EndTestTime>1646349112</EndTestTime>
		<ElapsedMinutes>0</ElapsedMinutes>
	</Testing>
</Site>
