Start testing: Mar 04 00:11 ?¯?﹞㊣那℅?那㊣??
----------------------------------------------------------
1/1 Testing: test-a0
1/1 Test: test-a0
Command: "C:/Users/zhuof/OneDrive/ETHz/22FS/CMM_8/Assignments/a0-TonyStone191031/build/src/test-a0/test-a0.exe"
Directory: C:/Users/zhuof/OneDrive/ETHz/22FS/CMM_8/Assignments/a0-TonyStone191031/build/src/test-a0
"test-a0" start time: Mar 04 00:11 ?¯?﹞㊣那℅?那㊣??
Output:
----------------------------------------------------------
full name : "Zhuofan Shi"
student id: "21-947-049"
nethz name: "zhushi"
<end of output>
Test time =   0.02 sec
----------------------------------------------------------
Test Passed.
"test-a0" end time: Mar 04 00:11 ?¯?﹞㊣那℅?那㊣??
"test-a0" time elapsed: 00:00:00
----------------------------------------------------------

End testing: Mar 04 00:11 ?¯?﹞㊣那℅?那㊣??
